{"/Users/witsanupornpromsirinimit/react-vitest/jest_start/src/App.tsx": {"path":"/Users/witsanupornpromsirinimit/react-vitest/jest_start/src/App.tsx","statementMap":{"0":{"start":{"line":1,"column":0},"end":{"line":1,"column":45}},"1":{"start":{"line":2,"column":0},"end":{"line":2,"column":45}},"2":{"start":{"line":4,"column":17},"end":{"line":16,"column":1}},"3":{"start":{"line":5,"column":1},"end":{"line":15,"column":3}},"4":{"start":{"line":9,"column":4},"end":{"line":10,"column":null}},"5":{"start":{"line":18,"column":12},"end":{"line":29,"column":1}},"6":{"start":{"line":19,"column":17},"end":{"line":19,"column":23}},"7":{"start":{"line":21,"column":1},"end":{"line":28,"column":3}},"8":{"start":{"line":31,"column":0},"end":{"line":31,"column":19}}},"fnMap":{"0":{"name":"(anonymous_1)","decl":{"start":{"line":4,"column":17},"end":{"line":4,"column":18}},"loc":{"start":{"line":4,"column":56},"end":{"line":16,"column":1}}},"1":{"name":"(anonymous_2)","decl":{"start":{"line":8,"column":16},"end":{"line":8,"column":17}},"loc":{"start":{"line":9,"column":4},"end":{"line":10,"column":null}}},"2":{"name":"(anonymous_3)","decl":{"start":{"line":18,"column":12},"end":{"line":18,"column":15}},"loc":{"start":{"line":18,"column":17},"end":{"line":29,"column":1}}}},"branchMap":{},"s":{"0":1,"1":1,"2":1,"3":3,"4":6,"5":1,"6":3,"7":3,"8":1},"f":{"0":3,"1":6,"2":3},"b":{}}
,"/Users/witsanupornpromsirinimit/react-vitest/jest_start/src/UserContext.tsx": {"path":"/Users/witsanupornpromsirinimit/react-vitest/jest_start/src/UserContext.tsx","statementMap":{"0":{"start":{"line":1,"column":0},"end":{"line":1,"column":67}},"1":{"start":{"line":10,"column":20},"end":{"line":10,"column":63}},"2":{"start":{"line":12,"column":28},"end":{"line":23,"column":1}},"3":{"start":{"line":13,"column":25},"end":{"line":13,"column":91}},"4":{"start":{"line":16,"column":19},"end":{"line":20,"column":3}},"5":{"start":{"line":16,"column":40},"end":{"line":20,"column":3}},"6":{"start":{"line":17,"column":19},"end":{"line":17,"column":82}},"7":{"start":{"line":18,"column":19},"end":{"line":18,"column":40}},"8":{"start":{"line":19,"column":2},"end":{"line":19,"column":20}},"9":{"start":{"line":22,"column":1},"end":{"line":22,"column":92}},"10":{"start":{"line":12,"column":13},"end":{"line":12,"column":28}},"11":{"start":{"line":25,"column":30},"end":{"line":32,"column":1}},"12":{"start":{"line":27,"column":17},"end":{"line":27,"column":40}},"13":{"start":{"line":28,"column":1},"end":{"line":30,"column":2}},"14":{"start":{"line":29,"column":2},"end":{"line":29,"column":71}},"15":{"start":{"line":31,"column":1},"end":{"line":31,"column":16}},"16":{"start":{"line":25,"column":13},"end":{"line":25,"column":30}}},"fnMap":{"0":{"name":"(anonymous_7)","decl":{"start":{"line":12,"column":28},"end":{"line":12,"column":29}},"loc":{"start":{"line":12,"column":76},"end":{"line":23,"column":1}}},"1":{"name":"(anonymous_8)","decl":{"start":{"line":16,"column":19},"end":{"line":16,"column":26}},"loc":{"start":{"line":16,"column":40},"end":{"line":20,"column":3}}},"2":{"name":"(anonymous_9)","decl":{"start":{"line":16,"column":40},"end":{"line":16,"column":null}},"loc":{"start":{"line":16,"column":40},"end":{"line":20,"column":2}}},"3":{"name":"(anonymous_10)","decl":{"start":{"line":25,"column":30},"end":{"line":25,"column":33}},"loc":{"start":{"line":25,"column":35},"end":{"line":32,"column":1}}}},"branchMap":{"0":{"loc":{"start":{"line":28,"column":1},"end":{"line":30,"column":2}},"type":"if","locations":[{"start":{"line":28,"column":1},"end":{"line":30,"column":2}}]}},"s":{"0":1,"1":1,"2":1,"3":13,"4":13,"5":8,"6":8,"7":8,"8":8,"9":13,"10":1,"11":1,"12":22,"13":22,"14":0,"15":22,"16":1},"f":{"0":13,"1":8,"2":8,"3":22},"b":{"0":[0]}}
,"/Users/witsanupornpromsirinimit/react-vitest/jest_start/src/main.tsx": {"path":"/Users/witsanupornpromsirinimit/react-vitest/jest_start/src/main.tsx","statementMap":{"0":{"start":{"line":1,"column":0},"end":{"line":1,"column":35}},"1":{"start":{"line":2,"column":0},"end":{"line":2,"column":46}},"2":{"start":{"line":3,"column":0},"end":{"line":3,"column":21}},"3":{"start":{"line":4,"column":0},"end":{"line":4,"column":24}},"4":{"start":{"line":6,"column":0},"end":{"line":10,"column":2}}},"fnMap":{},"branchMap":{},"s":{"0":1,"1":1,"2":1,"3":1,"4":1},"f":{},"b":{}}
,"/Users/witsanupornpromsirinimit/react-vitest/jest_start/src/components/UserCard.tsx": {"path":"/Users/witsanupornpromsirinimit/react-vitest/jest_start/src/components/UserCard.tsx","statementMap":{"0":{"start":{"line":1,"column":0},"end":{"line":1,"column":48}},"1":{"start":{"line":2,"column":0},"end":{"line":2,"column":44}},"2":{"start":{"line":3,"column":17},"end":{"line":41,"column":1}},"3":{"start":{"line":4,"column":29},"end":{"line":4,"column":45}},"4":{"start":{"line":5,"column":31},"end":{"line":5,"column":45}},"5":{"start":{"line":6,"column":27},"end":{"line":6,"column":56}},"6":{"start":{"line":10,"column":1},"end":{"line":23,"column":14}},"7":{"start":{"line":11,"column":19},"end":{"line":21,"column":4}},"8":{"start":{"line":11,"column":30},"end":{"line":21,"column":4}},"9":{"start":{"line":12,"column":3},"end":{"line":20,"column":4}},"10":{"start":{"line":13,"column":4},"end":{"line":13,"column":21}},"11":{"start":{"line":14,"column":4},"end":{"line":14,"column":19}},"12":{"start":{"line":15,"column":4},"end":{"line":15,"column":28}},"13":{"start":{"line":17,"column":4},"end":{"line":17,"column":37}},"14":{"start":{"line":19,"column":4},"end":{"line":19,"column":22}},"15":{"start":{"line":22,"column":2},"end":{"line":22,"column":13}},"16":{"start":{"line":25,"column":1},"end":{"line":29,"column":15}},"17":{"start":{"line":27,"column":2},"end":{"line":27,"column":43}},"18":{"start":{"line":28,"column":2},"end":{"line":28,"column":41}},"19":{"start":{"line":31,"column":1},"end":{"line":31,"column":43}},"20":{"start":{"line":31,"column":14},"end":{"line":31,"column":43}},"21":{"start":{"line":32,"column":1},"end":{"line":32,"column":59}},"22":{"start":{"line":32,"column":12},"end":{"line":32,"column":59}},"23":{"start":{"line":33,"column":1},"end":{"line":33,"column":53}},"24":{"start":{"line":33,"column":12},"end":{"line":33,"column":53}},"25":{"start":{"line":35,"column":1},"end":{"line":40,"column":3}},"26":{"start":{"line":43,"column":0},"end":{"line":43,"column":24}}},"fnMap":{"0":{"name":"(anonymous_7)","decl":{"start":{"line":3,"column":17},"end":{"line":3,"column":18}},"loc":{"start":{"line":3,"column":52},"end":{"line":41,"column":1}}},"1":{"name":"(anonymous_8)","decl":{"start":{"line":10,"column":11},"end":{"line":10,"column":14}},"loc":{"start":{"line":10,"column":16},"end":{"line":23,"column":2}}},"2":{"name":"(anonymous_9)","decl":{"start":{"line":11,"column":19},"end":{"line":11,"column":28}},"loc":{"start":{"line":11,"column":30},"end":{"line":21,"column":4}}},"3":{"name":"(anonymous_10)","decl":{"start":{"line":11,"column":30},"end":{"line":11,"column":null}},"loc":{"start":{"line":11,"column":30},"end":{"line":21,"column":3}}},"4":{"name":"(anonymous_11)","decl":{"start":{"line":25,"column":11},"end":{"line":25,"column":14}},"loc":{"start":{"line":25,"column":16},"end":{"line":29,"column":2}}}},"branchMap":{"0":{"loc":{"start":{"line":31,"column":1},"end":{"line":31,"column":43}},"type":"if","locations":[{"start":{"line":31,"column":1},"end":{"line":31,"column":43}}]},"1":{"loc":{"start":{"line":32,"column":1},"end":{"line":32,"column":59}},"type":"if","locations":[{"start":{"line":32,"column":1},"end":{"line":32,"column":59}}]},"2":{"loc":{"start":{"line":33,"column":1},"end":{"line":33,"column":53}},"type":"if","locations":[{"start":{"line":33,"column":1},"end":{"line":33,"column":53}}]}},"s":{"0":1,"1":1,"2":1,"3":22,"4":22,"5":22,"6":22,"7":8,"8":8,"9":8,"10":8,"11":8,"12":8,"13":0,"14":8,"15":8,"16":22,"17":12,"18":12,"19":22,"20":10,"21":12,"22":0,"23":12,"24":0,"25":12,"26":1},"f":{"0":22,"1":8,"2":8,"3":8,"4":12},"b":{"0":[10],"1":[0],"2":[0]}}
,"/Users/witsanupornpromsirinimit/react-vitest/jest_start/src/utils/mockData.ts": {"path":"/Users/witsanupornpromsirinimit/react-vitest/jest_start/src/utils/mockData.ts","statementMap":{"0":{"start":{"line":1,"column":13},"end":{"line":232,"column":2}}},"fnMap":{},"branchMap":{},"s":{"0":1},"f":{},"b":{}}
}
