{"/Users/witsanupornpromsirinimit/form-test-jest/form/src/App.tsx": {"path":"/Users/witsanupornpromsirinimit/form-test-jest/form/src/App.tsx","statementMap":{"0":{"start":{"line":1,"column":0},"end":{"line":1,"column":33}},"1":{"start":{"line":3,"column":12},"end":{"line":38,"column":1}},"2":{"start":{"line":4,"column":25},"end":{"line":4,"column":45}},"3":{"start":{"line":5,"column":29},"end":{"line":5,"column":48}},"4":{"start":{"line":6,"column":33},"end":{"line":6,"column":53}},"5":{"start":{"line":7,"column":1},"end":{"line":37,"column":3}},"6":{"start":{"line":16,"column":22},"end":{"line":16,"column":45}},"7":{"start":{"line":25,"column":22},"end":{"line":25,"column":57}},"8":{"start":{"line":33,"column":22},"end":{"line":33,"column":49}},"9":{"start":{"line":40,"column":0},"end":{"line":40,"column":19}}},"fnMap":{"0":{"name":"(anonymous_0)","decl":{"start":{"line":3,"column":12},"end":{"line":3,"column":15}},"loc":{"start":{"line":3,"column":17},"end":{"line":38,"column":1}}},"1":{"name":"(anonymous_1)","decl":{"start":{"line":16,"column":15},"end":{"line":16,"column":16}},"loc":{"start":{"line":16,"column":22},"end":{"line":16,"column":45}}},"2":{"name":"(anonymous_2)","decl":{"start":{"line":25,"column":15},"end":{"line":25,"column":16}},"loc":{"start":{"line":25,"column":22},"end":{"line":25,"column":57}}},"3":{"name":"(anonymous_3)","decl":{"start":{"line":33,"column":15},"end":{"line":33,"column":16}},"loc":{"start":{"line":33,"column":22},"end":{"line":33,"column":49}}}},"branchMap":{},"s":{"0":1,"1":1,"2":4,"3":4,"4":4,"5":4,"6":2,"7":0,"8":0,"9":1},"f":{"0":4,"1":2,"2":0,"3":0},"b":{}}
,"/Users/witsanupornpromsirinimit/form-test-jest/form/src/UseEffect.tsx": {"path":"/Users/witsanupornpromsirinimit/form-test-jest/form/src/UseEffect.tsx","statementMap":{"0":{"start":{"line":1,"column":0},"end":{"line":1,"column":44}},"1":{"start":{"line":34,"column":31},"end":{"line":34,"column":42}},"2":{"start":{"line":36,"column":1},"end":{"line":38,"column":8}},"3":{"start":{"line":37,"column":2},"end":{"line":37,"column":16}},"4":{"start":{"line":39,"column":1},"end":{"line":43,"column":3}},"5":{"start":{"line":46,"column":0},"end":{"line":46,"column":25}}},"fnMap":{"0":{"name":"UseEffect","decl":{"start":{"line":3,"column":9},"end":{"line":3,"column":18}},"loc":{"start":{"line":3,"column":18},"end":{"line":44,"column":1}}},"1":{"name":"(anonymous_1)","decl":{"start":{"line":36,"column":11},"end":{"line":36,"column":14}},"loc":{"start":{"line":36,"column":16},"end":{"line":38,"column":2}}}},"branchMap":{},"s":{"0":1,"1":2,"2":2,"3":1,"4":2,"5":1},"f":{"0":2,"1":1},"b":{}}
,"/Users/witsanupornpromsirinimit/form-test-jest/form/src/main.tsx": {"path":"/Users/witsanupornpromsirinimit/form-test-jest/form/src/main.tsx","statementMap":{"0":{"start":{"line":1,"column":0},"end":{"line":1,"column":35}},"1":{"start":{"line":2,"column":0},"end":{"line":2,"column":46}},"2":{"start":{"line":3,"column":0},"end":{"line":3,"column":21}},"3":{"start":{"line":4,"column":0},"end":{"line":4,"column":24}},"4":{"start":{"line":6,"column":0},"end":{"line":10,"column":2}}},"fnMap":{},"branchMap":{},"s":{"0":0,"1":0,"2":0,"3":0,"4":0},"f":{},"b":{}}
}
