TN:
SF:src/App.tsx
FN:4,(anonymous_1)
FN:8,(anonymous_2)
FN:18,(anonymous_3)
FNF:3
FNH:3
FNDA:3,(anonymous_1)
FNDA:6,(anonymous_2)
FNDA:3,(anonymous_3)
DA:1,1
DA:2,1
DA:4,1
DA:5,3
DA:9,6
DA:18,1
DA:19,3
DA:21,3
DA:31,1
LF:9
LH:9
BRF:0
BRH:0
end_of_record
TN:
SF:src/UserContext.tsx
FN:12,(anonymous_7)
FN:16,(anonymous_8)
FN:16,(anonymous_9)
FN:25,(anonymous_10)
FNF:4
FNH:4
FNDA:13,(anonymous_7)
FNDA:8,(anonymous_8)
FNDA:8,(anonymous_9)
FNDA:22,(anonymous_10)
DA:1,1
DA:10,1
DA:12,1
DA:13,13
DA:16,13
DA:17,8
DA:18,8
DA:19,8
DA:22,13
DA:25,1
DA:27,22
DA:28,22
DA:29,0
DA:31,22
LF:14
LH:13
BRDA:28,0,0,0
BRF:1
BRH:0
end_of_record
TN:
SF:src/main.tsx
FNF:0
FNH:0
DA:1,1
DA:2,1
DA:3,1
DA:4,1
DA:6,1
LF:5
LH:5
BRF:0
BRH:0
end_of_record
TN:
SF:src/components/UserCard.tsx
FN:3,(anonymous_7)
FN:10,(anonymous_8)
FN:11,(anonymous_9)
FN:11,(anonymous_10)
FN:25,(anonymous_11)
FNF:5
FNH:5
FNDA:22,(anonymous_7)
FNDA:8,(anonymous_8)
FNDA:8,(anonymous_9)
FNDA:8,(anonymous_10)
FNDA:12,(anonymous_11)
DA:1,1
DA:2,1
DA:3,1
DA:4,22
DA:5,22
DA:6,22
DA:10,22
DA:11,8
DA:12,8
DA:13,8
DA:14,8
DA:15,8
DA:17,0
DA:19,8
DA:22,8
DA:25,22
DA:27,12
DA:28,12
DA:31,22
DA:32,10
DA:33,10
DA:35,10
DA:43,1
LF:23
LH:22
BRDA:31,0,0,12
BRDA:32,1,0,0
BRDA:33,2,0,0
BRF:3
BRH:1
end_of_record
TN:
SF:src/utils/mockData.ts
FNF:0
FNH:0
DA:1,1
LF:1
LH:1
BRF:0
BRH:0
end_of_record
