TN:
SF:src/App.tsx
FN:3,(anonymous_0)
FN:16,(anonymous_1)
FN:25,(anonymous_2)
FN:33,(anonymous_3)
FNF:4
FNH:2
FNDA:4,(anonymous_0)
FNDA:2,(anonymous_1)
FNDA:0,(anonymous_2)
FNDA:0,(anonymous_3)
DA:1,1
DA:3,1
DA:4,4
DA:5,4
DA:6,4
DA:7,4
DA:16,2
DA:25,0
DA:33,0
DA:40,1
LF:10
LH:8
BRF:0
BRH:0
end_of_record
TN:
SF:src/UseEffect.tsx
FN:3,UseEffect
FN:36,(anonymous_1)
FNF:2
FNH:2
FNDA:2,UseEffect
FNDA:1,(anonymous_1)
DA:1,1
DA:34,2
DA:36,2
DA:37,1
DA:39,2
DA:46,1
LF:6
LH:6
BRF:0
BRH:0
end_of_record
TN:
SF:src/main.tsx
FNF:0
FNH:0
DA:1,0
DA:2,0
DA:3,0
DA:4,0
DA:6,0
LF:5
LH:0
BRF:0
BRH:0
end_of_record
